0 info it worked if it ends with ok
1 verbose cli [ '/home/vlima/opt/node-v4.4.4-linux-x64/bin/node',
1 verbose cli   '/home/vlima/opt/node-v4.4.4-linux-x64/bin/npm',
1 verbose cli   'install',
1 verbose cli   '-g',
1 verbose cli   'bower' ]
2 info using npm@2.15.1
3 info using node@v4.4.4
4 verbose install initial load of /home/vlima/opt/node-v4.4.4-linux-x64/lib/package.json
5 verbose readDependencies loading dependencies from /home/vlima/opt/node-v4.4.4-linux-x64/lib/package.json
6 silly cache add args [ 'bower', null ]
7 verbose cache add spec bower
8 silly cache add parsed spec Result {
8 silly cache add   raw: 'bower',
8 silly cache add   scope: null,
8 silly cache add   name: 'bower',
8 silly cache add   rawSpec: '',
8 silly cache add   spec: 'latest',
8 silly cache add   type: 'tag' }
9 silly addNamed bower@latest
10 verbose addNamed "latest" is being treated as a dist-tag for bower
11 info addNameTag [ 'bower', 'latest' ]
12 silly mapToRegistry name bower
13 silly mapToRegistry using default registry
14 silly mapToRegistry registry https://registry.npmjs.org/
15 silly mapToRegistry data Result {
15 silly mapToRegistry   raw: 'bower',
15 silly mapToRegistry   scope: null,
15 silly mapToRegistry   name: 'bower',
15 silly mapToRegistry   rawSpec: '',
15 silly mapToRegistry   spec: 'latest',
15 silly mapToRegistry   type: 'tag' }
16 silly mapToRegistry uri https://registry.npmjs.org/bower
17 verbose addNameTag registry:https://registry.npmjs.org/bower not in flight; fetching
18 verbose request uri https://registry.npmjs.org/bower
19 verbose request no auth needed
20 info attempt registry request try #1 at 1:00:56 PM
21 verbose request id 4dcb4dd707efcadf
22 http request GET https://registry.npmjs.org/bower
23 info retry will retry, error on last attempt: Error: getaddrinfo ENOTFOUND registry.npmjs.org registry.npmjs.org:443
24 info attempt registry request try #2 at 1:01:41 PM
25 http request GET https://registry.npmjs.org/bower
26 info retry will retry, error on last attempt: Error: getaddrinfo ENOTFOUND registry.npmjs.org registry.npmjs.org:443
27 info attempt registry request try #3 at 1:03:16 PM
28 http request GET https://registry.npmjs.org/bower
29 verbose stack Error: getaddrinfo ENOTFOUND registry.npmjs.org registry.npmjs.org:443
29 verbose stack     at errnoException (dns.js:27:10)
29 verbose stack     at GetAddrInfoReqWrap.onlookup [as oncomplete] (dns.js:78:26)
30 verbose cwd /home/vlima/Documents/development_backup/nodejs/DistributedPaint
31 error Linux 4.4.8-300.fc23.x86_64
32 error argv "/home/vlima/opt/node-v4.4.4-linux-x64/bin/node" "/home/vlima/opt/node-v4.4.4-linux-x64/bin/npm" "install" "-g" "bower"
33 error node v4.4.4
34 error npm  v2.15.1
35 error code ENOTFOUND
36 error errno ENOTFOUND
37 error syscall getaddrinfo
38 error network getaddrinfo ENOTFOUND registry.npmjs.org registry.npmjs.org:443
38 error network This is most likely not a problem with npm itself
38 error network and is related to network connectivity.
38 error network In most cases you are behind a proxy or have bad network settings.
38 error network
38 error network If you are behind a proxy, please make sure that the
38 error network 'proxy' config is set properly.  See: 'npm help config'
39 verbose exit [ 1, true ]
